<?xml version="1.0" encoding="UTF-8"?>
<testsuite name="org.khube.main.repository.AddressRepositoryTest" tests="54" skipped="0" failures="13" errors="0" timestamp="2026-05-30T10:25:20.259Z" hostname="khube" time="1.535">
  <properties/>
  <testcase name="testAddressEntityEquality()" classname="org.khube.main.repository.AddressRepositoryTest" time="0.646"/>
  <testcase name="testSaveAndRetrieveWithDifferentFields()" classname="org.khube.main.repository.AddressRepositoryTest" time="0.021">
    <failure message="org.opentest4j.AssertionFailedError: expected: &lt;true&gt; but was: &lt;false&gt;" type="org.opentest4j.AssertionFailedError">org.opentest4j.AssertionFailedError: expected: &lt;true&gt; but was: &lt;false&gt;
	at app//org.junit.jupiter.api.AssertionFailureBuilder.build(AssertionFailureBuilder.java:151)
	at app//org.junit.jupiter.api.AssertionFailureBuilder.buildAndThrow(AssertionFailureBuilder.java:132)
	at app//org.junit.jupiter.api.AssertTrue.failNotTrue(AssertTrue.java:63)
	at app//org.junit.jupiter.api.AssertTrue.assertTrue(AssertTrue.java:36)
	at app//org.junit.jupiter.api.AssertTrue.assertTrue(AssertTrue.java:31)
	at app//org.junit.jupiter.api.Assertions.assertTrue(Assertions.java:183)
	at app//org.khube.main.repository.AddressRepositoryTest.testSaveAndRetrieveWithDifferentFields(AddressRepositoryTest.java:390)
	at java.base@17.0.15/java.lang.reflect.Method.invoke(Method.java:568)
	at java.base@17.0.15/java.util.ArrayList.forEach(ArrayList.java:1511)
	at java.base@17.0.15/java.util.ArrayList.forEach(ArrayList.java:1511)
</failure>
  </testcase>
  <testcase name="testAddressIsPersistedAfterSave()" classname="org.khube.main.repository.AddressRepositoryTest" time="0.016">
    <failure message="java.util.NoSuchElementException: No value present" type="java.util.NoSuchElementException">java.util.NoSuchElementException: No value present
	at java.base/java.util.Optional.get(Optional.java:143)
	at org.khube.main.repository.AddressRepositoryTest.testAddressIsPersistedAfterSave(AddressRepositoryTest.java:311)
	at java.base/java.lang.reflect.Method.invoke(Method.java:568)
	at java.base/java.util.ArrayList.forEach(ArrayList.java:1511)
	at java.base/java.util.ArrayList.forEach(ArrayList.java:1511)
</failure>
  </testcase>
  <testcase name="testFindByAddressIdWithMultipleAddresses()" classname="org.khube.main.repository.AddressRepositoryTest" time="0.018"/>
  <testcase name="testFindByAddressIdSuccess()" classname="org.khube.main.repository.AddressRepositoryTest" time="0.014"/>
  <testcase name="testSaveAddress()" classname="org.khube.main.repository.AddressRepositoryTest" time="0.005"/>
  <testcase name="testFindByAddressIdConsistentWithFindById()" classname="org.khube.main.repository.AddressRepositoryTest" time="0.01"/>
  <testcase name="testFindByAddressIdWithNegativeId()" classname="org.khube.main.repository.AddressRepositoryTest" time="0.007"/>
  <testcase name="testAddressPersistenceAfterFlush()" classname="org.khube.main.repository.AddressRepositoryTest" time="0.009"/>
  <testcase name="testFindAllReturnsEmptyListNotNull()" classname="org.khube.main.repository.AddressRepositoryTest" time="0.007"/>
  <testcase name="testFindAllAddressesSingle()" classname="org.khube.main.repository.AddressRepositoryTest" time="0.009"/>
  <testcase name="testAddressFieldsPreserved()" classname="org.khube.main.repository.AddressRepositoryTest" time="0.007">
    <failure message="org.opentest4j.AssertionFailedError: expected: &lt;true&gt; but was: &lt;false&gt;" type="org.opentest4j.AssertionFailedError">org.opentest4j.AssertionFailedError: expected: &lt;true&gt; but was: &lt;false&gt;
	at app//org.junit.jupiter.api.AssertionFailureBuilder.build(AssertionFailureBuilder.java:151)
	at app//org.junit.jupiter.api.AssertionFailureBuilder.buildAndThrow(AssertionFailureBuilder.java:132)
	at app//org.junit.jupiter.api.AssertTrue.failNotTrue(AssertTrue.java:63)
	at app//org.junit.jupiter.api.AssertTrue.assertTrue(AssertTrue.java:36)
	at app//org.junit.jupiter.api.AssertTrue.assertTrue(AssertTrue.java:31)
	at app//org.junit.jupiter.api.Assertions.assertTrue(Assertions.java:183)
	at app//org.khube.main.repository.AddressRepositoryTest.testAddressFieldsPreserved(AddressRepositoryTest.java:682)
	at java.base@17.0.15/java.lang.reflect.Method.invoke(Method.java:568)
	at java.base@17.0.15/java.util.ArrayList.forEach(ArrayList.java:1511)
	at java.base@17.0.15/java.util.ArrayList.forEach(ArrayList.java:1511)
</failure>
  </testcase>
  <testcase name="testCountAfterOperations()" classname="org.khube.main.repository.AddressRepositoryTest" time="0.318"/>
  <testcase name="testSaveAndFindAllConsistency()" classname="org.khube.main.repository.AddressRepositoryTest" time="0.008"/>
  <testcase name="testUpdateAddress()" classname="org.khube.main.repository.AddressRepositoryTest" time="0.012">
    <failure message="org.opentest4j.AssertionFailedError: expected: &lt;Updated Street&gt; but was: &lt;123 Main Street&gt;" type="org.opentest4j.AssertionFailedError">org.opentest4j.AssertionFailedError: expected: &lt;Updated Street&gt; but was: &lt;123 Main Street&gt;
	at app//org.junit.jupiter.api.AssertionFailureBuilder.build(AssertionFailureBuilder.java:151)
	at app//org.junit.jupiter.api.AssertionFailureBuilder.buildAndThrow(AssertionFailureBuilder.java:132)
	at app//org.junit.jupiter.api.AssertEquals.failNotEqual(AssertEquals.java:197)
	at app//org.junit.jupiter.api.AssertEquals.assertEquals(AssertEquals.java:182)
	at app//org.junit.jupiter.api.AssertEquals.assertEquals(AssertEquals.java:177)
	at app//org.junit.jupiter.api.Assertions.assertEquals(Assertions.java:1145)
	at app//org.khube.main.repository.AddressRepositoryTest.testUpdateAddress(AddressRepositoryTest.java:198)
	at java.base@17.0.15/java.lang.reflect.Method.invoke(Method.java:568)
	at java.base@17.0.15/java.util.ArrayList.forEach(ArrayList.java:1511)
	at java.base@17.0.15/java.util.ArrayList.forEach(ArrayList.java:1511)
</failure>
  </testcase>
  <testcase name="testDeleteAllWithIterable()" classname="org.khube.main.repository.AddressRepositoryTest" time="0.015">
    <failure message="org.opentest4j.AssertionFailedError: expected: &lt;1&gt; but was: &lt;3&gt;" type="org.opentest4j.AssertionFailedError">org.opentest4j.AssertionFailedError: expected: &lt;1&gt; but was: &lt;3&gt;
	at app//org.junit.jupiter.api.AssertionFailureBuilder.build(AssertionFailureBuilder.java:151)
	at app//org.junit.jupiter.api.AssertionFailureBuilder.buildAndThrow(AssertionFailureBuilder.java:132)
	at app//org.junit.jupiter.api.AssertEquals.failNotEqual(AssertEquals.java:197)
	at app//org.junit.jupiter.api.AssertEquals.assertEquals(AssertEquals.java:166)
	at app//org.junit.jupiter.api.AssertEquals.assertEquals(AssertEquals.java:161)
	at app//org.junit.jupiter.api.Assertions.assertEquals(Assertions.java:632)
	at app//org.khube.main.repository.AddressRepositoryTest.testDeleteAllWithIterable(AddressRepositoryTest.java:290)
	at java.base@17.0.15/java.lang.reflect.Method.invoke(Method.java:568)
	at java.base@17.0.15/java.util.ArrayList.forEach(ArrayList.java:1511)
	at java.base@17.0.15/java.util.ArrayList.forEach(ArrayList.java:1511)
</failure>
  </testcase>
  <testcase name="testFindByAddressIdConsistency()" classname="org.khube.main.repository.AddressRepositoryTest" time="0.01"/>
  <testcase name="testSaveAllMethod()" classname="org.khube.main.repository.AddressRepositoryTest" time="0.005"/>
  <testcase name="testFindAllOrderPreservation()" classname="org.khube.main.repository.AddressRepositoryTest" time="0.01"/>
  <testcase name="testRepositoryIsNotNull()" classname="org.khube.main.repository.AddressRepositoryTest" time="0.004"/>
  <testcase name="testFindByAddressIdAfterMultipleSaves()" classname="org.khube.main.repository.AddressRepositoryTest" time="0.01"/>
  <testcase name="testExistsByIdFalse()" classname="org.khube.main.repository.AddressRepositoryTest" time="0.064"/>
  <testcase name="testGetById()" classname="org.khube.main.repository.AddressRepositoryTest" time="0.018"/>
  <testcase name="testFindAllAddressesEmpty()" classname="org.khube.main.repository.AddressRepositoryTest" time="0.007"/>
  <testcase name="testCountAddressesEmpty()" classname="org.khube.main.repository.AddressRepositoryTest" time="0.005"/>
  <testcase name="testFindByAddressIdDifferentInstances()" classname="org.khube.main.repository.AddressRepositoryTest" time="0.011"/>
  <testcase name="testFindByIdReturnsOptional()" classname="org.khube.main.repository.AddressRepositoryTest" time="0.007"/>
  <testcase name="testDeleteAll()" classname="org.khube.main.repository.AddressRepositoryTest" time="0.011">
    <failure message="org.opentest4j.AssertionFailedError: expected: &lt;0&gt; but was: &lt;2&gt;" type="org.opentest4j.AssertionFailedError">org.opentest4j.AssertionFailedError: expected: &lt;0&gt; but was: &lt;2&gt;
	at app//org.junit.jupiter.api.AssertionFailureBuilder.build(AssertionFailureBuilder.java:151)
	at app//org.junit.jupiter.api.AssertionFailureBuilder.buildAndThrow(AssertionFailureBuilder.java:132)
	at app//org.junit.jupiter.api.AssertEquals.failNotEqual(AssertEquals.java:197)
	at app//org.junit.jupiter.api.AssertEquals.assertEquals(AssertEquals.java:166)
	at app//org.junit.jupiter.api.AssertEquals.assertEquals(AssertEquals.java:161)
	at app//org.junit.jupiter.api.Assertions.assertEquals(Assertions.java:632)
	at app//org.khube.main.repository.AddressRepositoryTest.testDeleteAll(AddressRepositoryTest.java:276)
	at java.base@17.0.15/java.lang.reflect.Method.invoke(Method.java:568)
	at java.base@17.0.15/java.util.ArrayList.forEach(ArrayList.java:1511)
	at java.base@17.0.15/java.util.ArrayList.forEach(ArrayList.java:1511)
</failure>
  </testcase>
  <testcase name="testDeleteAddress()" classname="org.khube.main.repository.AddressRepositoryTest" time="0.008">
    <failure message="org.opentest4j.AssertionFailedError: expected: &lt;false&gt; but was: &lt;true&gt;" type="org.opentest4j.AssertionFailedError">org.opentest4j.AssertionFailedError: expected: &lt;false&gt; but was: &lt;true&gt;
	at app//org.junit.jupiter.api.AssertionFailureBuilder.build(AssertionFailureBuilder.java:151)
	at app//org.junit.jupiter.api.AssertionFailureBuilder.buildAndThrow(AssertionFailureBuilder.java:132)
	at app//org.junit.jupiter.api.AssertFalse.failNotFalse(AssertFalse.java:63)
	at app//org.junit.jupiter.api.AssertFalse.assertFalse(AssertFalse.java:36)
	at app//org.junit.jupiter.api.AssertFalse.assertFalse(AssertFalse.java:31)
	at app//org.junit.jupiter.api.Assertions.assertFalse(Assertions.java:231)
	at app//org.khube.main.repository.AddressRepositoryTest.testDeleteAddress(AddressRepositoryTest.java:163)
	at java.base@17.0.15/java.lang.reflect.Method.invoke(Method.java:568)
	at java.base@17.0.15/java.util.ArrayList.forEach(ArrayList.java:1511)
	at java.base@17.0.15/java.util.ArrayList.forEach(ArrayList.java:1511)
</failure>
  </testcase>
  <testcase name="testFindByAddressIdReturnType()" classname="org.khube.main.repository.AddressRepositoryTest" time="0.009"/>
  <testcase name="testFindByIdInheritedMethod()" classname="org.khube.main.repository.AddressRepositoryTest" time="0.007"/>
  <testcase name="testAddressPinCodeVariations()" classname="org.khube.main.repository.AddressRepositoryTest" time="0.008">
    <failure message="org.opentest4j.AssertionFailedError: expected: &lt;true&gt; but was: &lt;false&gt;" type="org.opentest4j.AssertionFailedError">org.opentest4j.AssertionFailedError: expected: &lt;true&gt; but was: &lt;false&gt;
	at app//org.junit.jupiter.api.AssertionFailureBuilder.build(AssertionFailureBuilder.java:151)
	at app//org.junit.jupiter.api.AssertionFailureBuilder.buildAndThrow(AssertionFailureBuilder.java:132)
	at app//org.junit.jupiter.api.AssertTrue.failNotTrue(AssertTrue.java:63)
	at app//org.junit.jupiter.api.AssertTrue.assertTrue(AssertTrue.java:36)
	at app//org.junit.jupiter.api.AssertTrue.assertTrue(AssertTrue.java:31)
	at app//org.junit.jupiter.api.Assertions.assertTrue(Assertions.java:183)
	at app//org.khube.main.repository.AddressRepositoryTest.testAddressPinCodeVariations(AddressRepositoryTest.java:414)
	at java.base@17.0.15/java.lang.reflect.Method.invoke(Method.java:568)
	at java.base@17.0.15/java.util.ArrayList.forEach(ArrayList.java:1511)
	at java.base@17.0.15/java.util.ArrayList.forEach(ArrayList.java:1511)
</failure>
  </testcase>
  <testcase name="testFindByAddressIdReturnsEmptyOptional()" classname="org.khube.main.repository.AddressRepositoryTest" time="0.007"/>
  <testcase name="testDeleteMultipleAddresses()" classname="org.khube.main.repository.AddressRepositoryTest" time="0.014">
    <failure message="org.opentest4j.AssertionFailedError: expected: &lt;1&gt; but was: &lt;3&gt;" type="org.opentest4j.AssertionFailedError">org.opentest4j.AssertionFailedError: expected: &lt;1&gt; but was: &lt;3&gt;
	at app//org.junit.jupiter.api.AssertionFailureBuilder.build(AssertionFailureBuilder.java:151)
	at app//org.junit.jupiter.api.AssertionFailureBuilder.buildAndThrow(AssertionFailureBuilder.java:132)
	at app//org.junit.jupiter.api.AssertEquals.failNotEqual(AssertEquals.java:197)
	at app//org.junit.jupiter.api.AssertEquals.assertEquals(AssertEquals.java:150)
	at app//org.junit.jupiter.api.AssertEquals.assertEquals(AssertEquals.java:145)
	at app//org.junit.jupiter.api.Assertions.assertEquals(Assertions.java:531)
	at app//org.khube.main.repository.AddressRepositoryTest.testDeleteMultipleAddresses(AddressRepositoryTest.java:542)
	at java.base@17.0.15/java.lang.reflect.Method.invoke(Method.java:568)
	at java.base@17.0.15/java.util.ArrayList.forEach(ArrayList.java:1511)
	at java.base@17.0.15/java.util.ArrayList.forEach(ArrayList.java:1511)
</failure>
  </testcase>
  <testcase name="testDeleteAddressById()" classname="org.khube.main.repository.AddressRepositoryTest" time="0.009">
    <failure message="org.opentest4j.AssertionFailedError: expected: &lt;false&gt; but was: &lt;true&gt;" type="org.opentest4j.AssertionFailedError">org.opentest4j.AssertionFailedError: expected: &lt;false&gt; but was: &lt;true&gt;
	at app//org.junit.jupiter.api.AssertionFailureBuilder.build(AssertionFailureBuilder.java:151)
	at app//org.junit.jupiter.api.AssertionFailureBuilder.buildAndThrow(AssertionFailureBuilder.java:132)
	at app//org.junit.jupiter.api.AssertFalse.failNotFalse(AssertFalse.java:63)
	at app//org.junit.jupiter.api.AssertFalse.assertFalse(AssertFalse.java:36)
	at app//org.junit.jupiter.api.AssertFalse.assertFalse(AssertFalse.java:31)
	at app//org.junit.jupiter.api.Assertions.assertFalse(Assertions.java:231)
	at app//org.khube.main.repository.AddressRepositoryTest.testDeleteAddressById(AddressRepositoryTest.java:151)
	at java.base@17.0.15/java.lang.reflect.Method.invoke(Method.java:568)
	at java.base@17.0.15/java.util.ArrayList.forEach(ArrayList.java:1511)
	at java.base@17.0.15/java.util.ArrayList.forEach(ArrayList.java:1511)
</failure>
  </testcase>
  <testcase name="testCountReturnsLong()" classname="org.khube.main.repository.AddressRepositoryTest" time="0.006"/>
  <testcase name="testFindAllAddresses()" classname="org.khube.main.repository.AddressRepositoryTest" time="0.01"/>
  <testcase name="testSaveNullField()" classname="org.khube.main.repository.AddressRepositoryTest" time="0.005"/>
  <testcase name="testExistsAfterDelete()" classname="org.khube.main.repository.AddressRepositoryTest" time="0.009">
    <failure message="org.opentest4j.AssertionFailedError: expected: &lt;false&gt; but was: &lt;true&gt;" type="org.opentest4j.AssertionFailedError">org.opentest4j.AssertionFailedError: expected: &lt;false&gt; but was: &lt;true&gt;
	at app//org.junit.jupiter.api.AssertionFailureBuilder.build(AssertionFailureBuilder.java:151)
	at app//org.junit.jupiter.api.AssertionFailureBuilder.buildAndThrow(AssertionFailureBuilder.java:132)
	at app//org.junit.jupiter.api.AssertFalse.failNotFalse(AssertFalse.java:63)
	at app//org.junit.jupiter.api.AssertFalse.assertFalse(AssertFalse.java:36)
	at app//org.junit.jupiter.api.AssertFalse.assertFalse(AssertFalse.java:31)
	at app//org.junit.jupiter.api.Assertions.assertFalse(Assertions.java:231)
	at app//org.khube.main.repository.AddressRepositoryTest.testExistsAfterDelete(AddressRepositoryTest.java:557)
	at java.base@17.0.15/java.lang.reflect.Method.invoke(Method.java:568)
	at java.base@17.0.15/java.util.ArrayList.forEach(ArrayList.java:1511)
	at java.base@17.0.15/java.util.ArrayList.forEach(ArrayList.java:1511)
</failure>
  </testcase>
  <testcase name="testFindByAddressIdNotFound()" classname="org.khube.main.repository.AddressRepositoryTest" time="0.006"/>
  <testcase name="testAddressFieldsAfterSave()" classname="org.khube.main.repository.AddressRepositoryTest" time="0.004"/>
  <testcase name="testExistsByIdTrue()" classname="org.khube.main.repository.AddressRepositoryTest" time="0.007"/>
  <testcase name="testCountAddresses()" classname="org.khube.main.repository.AddressRepositoryTest" time="0.007"/>
  <testcase name="testRepositoryMethodChaining()" classname="org.khube.main.repository.AddressRepositoryTest" time="0.011"/>
  <testcase name="testFindByAddressIdWithHighIdValue()" classname="org.khube.main.repository.AddressRepositoryTest" time="0.006"/>
  <testcase name="testAddressRepositoryExtendsJpaRepository()" classname="org.khube.main.repository.AddressRepositoryTest" time="0.003"/>
  <testcase name="testMultipleFindByAddressIdCalls()" classname="org.khube.main.repository.AddressRepositoryTest" time="0.01"/>
  <testcase name="testFindByAddressIdWithZeroId()" classname="org.khube.main.repository.AddressRepositoryTest" time="0.006"/>
  <testcase name="testSaveReturnsPersistedEntity()" classname="org.khube.main.repository.AddressRepositoryTest" time="0.003"/>
  <testcase name="testFindByAddressIdAfterDelete()" classname="org.khube.main.repository.AddressRepositoryTest" time="0.007">
    <failure message="org.opentest4j.AssertionFailedError: expected: &lt;false&gt; but was: &lt;true&gt;" type="org.opentest4j.AssertionFailedError">org.opentest4j.AssertionFailedError: expected: &lt;false&gt; but was: &lt;true&gt;
	at app//org.junit.jupiter.api.AssertionFailureBuilder.build(AssertionFailureBuilder.java:151)
	at app//org.junit.jupiter.api.AssertionFailureBuilder.buildAndThrow(AssertionFailureBuilder.java:132)
	at app//org.junit.jupiter.api.AssertFalse.failNotFalse(AssertFalse.java:63)
	at app//org.junit.jupiter.api.AssertFalse.assertFalse(AssertFalse.java:36)
	at app//org.junit.jupiter.api.AssertFalse.assertFalse(AssertFalse.java:31)
	at app//org.junit.jupiter.api.Assertions.assertFalse(Assertions.java:231)
	at app//org.khube.main.repository.AddressRepositoryTest.testFindByAddressIdAfterDelete(AddressRepositoryTest.java:333)
	at java.base@17.0.15/java.lang.reflect.Method.invoke(Method.java:568)
	at java.base@17.0.15/java.util.ArrayList.forEach(ArrayList.java:1511)
	at java.base@17.0.15/java.util.ArrayList.forEach(ArrayList.java:1511)
</failure>
  </testcase>
  <testcase name="testConcurrentAddressSaves()" classname="org.khube.main.repository.AddressRepositoryTest" time="0.01"/>
  <testcase name="testSaveMultipleAddresses()" classname="org.khube.main.repository.AddressRepositoryTest" time="0.008"/>
  <testcase name="testUpdateNullField()" classname="org.khube.main.repository.AddressRepositoryTest" time="0.008">
    <failure message="org.opentest4j.AssertionFailedError: expected: &lt;null&gt; but was: &lt;Near Park&gt;" type="org.opentest4j.AssertionFailedError">org.opentest4j.AssertionFailedError: expected: &lt;null&gt; but was: &lt;Near Park&gt;
	at app//org.junit.jupiter.api.AssertionFailureBuilder.build(AssertionFailureBuilder.java:151)
	at app//org.junit.jupiter.api.AssertionFailureBuilder.buildAndThrow(AssertionFailureBuilder.java:132)
	at app//org.junit.jupiter.api.AssertNull.failNotNull(AssertNull.java:50)
	at app//org.junit.jupiter.api.AssertNull.assertNull(AssertNull.java:35)
	at app//org.junit.jupiter.api.AssertNull.assertNull(AssertNull.java:30)
	at app//org.junit.jupiter.api.Assertions.assertNull(Assertions.java:279)
	at app//org.khube.main.repository.AddressRepositoryTest.testUpdateNullField(AddressRepositoryTest.java:472)
	at java.base@17.0.15/java.lang.reflect.Method.invoke(Method.java:568)
	at java.base@17.0.15/java.util.ArrayList.forEach(ArrayList.java:1511)
	at java.base@17.0.15/java.util.ArrayList.forEach(ArrayList.java:1511)
</failure>
  </testcase>
  <testcase name="testAddressNotFoundAfterClear()" classname="org.khube.main.repository.AddressRepositoryTest" time="0.009"/>
  <system-out><![CDATA[15:55:13.539 [Test worker] INFO org.springframework.test.context.support.AnnotationConfigContextLoaderUtils -- Could not detect default configuration classes for test class [org.khube.main.repository.AddressRepositoryTest]: AddressRepositoryTest does not declare any static, non-private, non-final, nested classes annotated with @Configuration.
15:55:13.905 [Test worker] INFO org.springframework.boot.test.context.SpringBootTestContextBootstrapper -- Found @SpringBootConfiguration org.khube.main.AddressServiceApplication for test class org.khube.main.repository.AddressRepositoryTest

  .   ____          _            __ _ _
 /\\ / ___'_ __ _ _(_)_ __  __ _ \ \ \ \
( ( )\___ | '_ | '_| | '_ \/ _` | \ \ \ \
 \\/  ___)| |_)| | | | | || (_| |  ) ) ) )
  '  |____| .__|_| |_|_| |_\__, | / / / /
 =========|_|==============|___/=/_/_/_/

 :: Spring Boot ::                (v3.5.4)

2026-05-30T15:55:16.063+05:30  INFO 49367 --- [address-service] [    Test worker] [                                                 ] o.k.m.repository.AddressRepositoryTest   : Starting AddressRepositoryTest using Java 17.0.15 with PID 49367 (started by khube in /home/khube/Documents/springboot-project/address-service)
2026-05-30T15:55:16.070+05:30  INFO 49367 --- [address-service] [    Test worker] [                                                 ] o.k.m.repository.AddressRepositoryTest   : No active profile set, falling back to 1 default profile: "default"
2026-05-30T15:55:16.095+05:30  INFO 49367 --- [address-service] [    Test worker] [                                                 ] o.s.c.c.c.ConfigServerConfigDataLoader   : Fetching config from server at : http://localhost:8888
2026-05-30T15:55:16.096+05:30  INFO 49367 --- [address-service] [    Test worker] [                                                 ] o.s.c.c.c.ConfigServerConfigDataLoader   : Exception on Url - http://localhost:8888:org.springframework.web.client.ResourceAccessException: I/O error on GET request for "http://localhost:8888/address-service/default": Connection refused. Will be trying the next url if available
2026-05-30T15:55:16.097+05:30  WARN 49367 --- [address-service] [    Test worker] [                                                 ] o.s.c.c.c.ConfigServerConfigDataLoader   : Could not locate PropertySource ([ConfigServerConfigDataResource@6686507b uris = array<String>['http://localhost:8888'], optional = true, profiles = 'default']): I/O error on GET request for "http://localhost:8888/address-service/default": Connection refused
2026-05-30T15:55:16.097+05:30  INFO 49367 --- [address-service] [    Test worker] [                                                 ] o.s.c.c.c.ConfigServerConfigDataLoader   : Fetching config from server at : http://localhost:8888
2026-05-30T15:55:16.098+05:30  INFO 49367 --- [address-service] [    Test worker] [                                                 ] o.s.c.c.c.ConfigServerConfigDataLoader   : Exception on Url - http://localhost:8888:org.springframework.web.client.ResourceAccessException: I/O error on GET request for "http://localhost:8888/address-service/default": Connection refused. Will be trying the next url if available
2026-05-30T15:55:16.098+05:30  WARN 49367 --- [address-service] [    Test worker] [                                                 ] o.s.c.c.c.ConfigServerConfigDataLoader   : Could not locate PropertySource ([ConfigServerConfigDataResource@303db609 uris = array<String>['http://localhost:8888'], optional = true, profiles = 'default']): I/O error on GET request for "http://localhost:8888/address-service/default": Connection refused
2026-05-30T15:55:16.098+05:30  INFO 49367 --- [address-service] [    Test worker] [                                                 ] o.s.c.c.c.ConfigServerConfigDataLoader   : Fetching config from server at : http://localhost:8888
2026-05-30T15:55:16.099+05:30  INFO 49367 --- [address-service] [    Test worker] [                                                 ] o.s.c.c.c.ConfigServerConfigDataLoader   : Exception on Url - http://localhost:8888:org.springframework.web.client.ResourceAccessException: I/O error on GET request for "http://localhost:8888/address-service/default": Connection refused. Will be trying the next url if available
2026-05-30T15:55:16.099+05:30  WARN 49367 --- [address-service] [    Test worker] [                                                 ] o.s.c.c.c.ConfigServerConfigDataLoader   : Could not locate PropertySource ([ConfigServerConfigDataResource@20a116a0 uris = array<String>['http://localhost:8888'], optional = true, profiles = 'default']): I/O error on GET request for "http://localhost:8888/address-service/default": Connection refused
2026-05-30T15:55:16.676+05:30  INFO 49367 --- [address-service] [    Test worker] [                                                 ] .s.d.r.c.RepositoryConfigurationDelegate : Multiple Spring Data modules found, entering strict repository configuration mode
2026-05-30T15:55:16.679+05:30  INFO 49367 --- [address-service] [    Test worker] [                                                 ] .s.d.r.c.RepositoryConfigurationDelegate : Bootstrapping Spring Data JPA repositories in DEFAULT mode.
2026-05-30T15:55:16.950+05:30  INFO 49367 --- [address-service] [    Test worker] [                                                 ] .s.d.r.c.RepositoryConfigurationDelegate : Finished Spring Data repository scanning in 255 ms. Found 1 JPA repository interface.
2026-05-30T15:55:17.023+05:30  INFO 49367 --- [address-service] [    Test worker] [                                                 ] beddedDataSourceBeanFactoryPostProcessor : Replacing 'dataSource' DataSource bean with embedded version
2026-05-30T15:55:17.160+05:30  INFO 49367 --- [address-service] [    Test worker] [                                                 ] o.s.j.d.e.EmbeddedDatabaseFactory        : Starting embedded database: url='jdbc:h2:mem:73946c6e-213e-4893-b0af-62e2be01a5bb;DB_CLOSE_DELAY=-1;DB_CLOSE_ON_EXIT=false', username='sa'
2026-05-30T15:55:17.795+05:30  INFO 49367 --- [address-service] [    Test worker] [                                                 ] o.hibernate.jpa.internal.util.LogHelper  : HHH000204: Processing PersistenceUnitInfo [name: default]
2026-05-30T15:55:17.893+05:30  INFO 49367 --- [address-service] [    Test worker] [                                                 ] org.hibernate.Version                    : HHH000412: Hibernate ORM core version 6.6.22.Final
2026-05-30T15:55:17.978+05:30  INFO 49367 --- [address-service] [    Test worker] [                                                 ] o.h.c.internal.RegionFactoryInitiator    : HHH000026: Second-level cache disabled
2026-05-30T15:55:18.486+05:30  INFO 49367 --- [address-service] [    Test worker] [                                                 ] o.s.o.j.p.SpringPersistenceUnitInfo      : No LoadTimeWeaver setup: ignoring JPA class transformer
2026-05-30T15:55:18.645+05:30  INFO 49367 --- [address-service] [    Test worker] [                                                 ] org.hibernate.orm.connections.pooling    : HHH10001005: Database info:
	Database JDBC URL [Connecting through datasource 'org.springframework.jdbc.datasource.embedded.EmbeddedDatabaseFactory$EmbeddedDataSourceProxy@4610594a']
	Database driver: undefined/unknown
	Database version: 2.3.232
	Autocommit mode: undefined/unknown
	Isolation level: undefined/unknown
	Minimum pool size: undefined/unknown
	Maximum pool size: undefined/unknown
Hibernate: create global temporary table HTE_address_tab(pin_code integer, rn_ integer not null, address_id bigint, city varchar(255), country varchar(255), landmark varchar(255), state varchar(255), street varchar(255), primary key (rn_)) TRANSACTIONAL
2026-05-30T15:55:19.804+05:30  INFO 49367 --- [address-service] [    Test worker] [                                                 ] o.h.e.t.j.p.i.JtaPlatformInitiator       : HHH000489: No JTA platform available (set 'hibernate.transaction.jta.platform' to enable JTA platform integration)
Hibernate: drop table if exists address_tab cascade 
Hibernate: drop sequence if exists address_tab_seq
Hibernate: create sequence address_tab_seq start with 1 increment by 50
Hibernate: create table address_tab (pin_code integer, address_id bigint not null, city varchar(255), country varchar(255), landmark varchar(255), state varchar(255), street varchar(255), primary key (address_id))
2026-05-30T15:55:19.836+05:30  INFO 49367 --- [address-service] [    Test worker] [                                                 ] j.LocalContainerEntityManagerFactoryBean : Initialized JPA EntityManagerFactory for persistence unit 'default'
2026-05-30T15:55:20.249+05:30  INFO 49367 --- [address-service] [    Test worker] [                                                 ] o.k.m.repository.AddressRepositoryTest   : Started AddressRepositoryTest in 5.91 seconds (process running for 8.23)
Hibernate: select next value for address_tab_seq
Hibernate: insert into address_tab (city,country,landmark,pin_code,state,street,address_id) values (?,?,?,?,?,?,?)
Hibernate: select a1_0.address_id,a1_0.city,a1_0.country,a1_0.landmark,a1_0.pin_code,a1_0.state,a1_0.street from address_tab a1_0 where a1_0.address_id=?
Hibernate: select next value for address_tab_seq
Hibernate: select a1_0.address_id,a1_0.city,a1_0.country,a1_0.landmark,a1_0.pin_code,a1_0.state,a1_0.street from address_tab a1_0 where a1_0.address_id=?
Hibernate: select a1_0.address_id,a1_0.city,a1_0.country,a1_0.landmark,a1_0.pin_code,a1_0.state,a1_0.street from address_tab a1_0 where a1_0.address_id=?
Hibernate: insert into address_tab (city,country,landmark,pin_code,state,street,address_id) values (?,?,?,?,?,?,?)
Hibernate: insert into address_tab (city,country,landmark,pin_code,state,street,address_id) values (?,?,?,?,?,?,?)
Hibernate: insert into address_tab (city,country,landmark,pin_code,state,street,address_id) values (?,?,?,?,?,?,?)
Hibernate: select a1_0.address_id,a1_0.city,a1_0.country,a1_0.landmark,a1_0.pin_code,a1_0.state,a1_0.street from address_tab a1_0 where a1_0.address_id=?
Hibernate: insert into address_tab (city,country,landmark,pin_code,state,street,address_id) values (?,?,?,?,?,?,?)
Hibernate: select a1_0.address_id,a1_0.city,a1_0.country,a1_0.landmark,a1_0.pin_code,a1_0.state,a1_0.street from address_tab a1_0 where a1_0.address_id=?
Hibernate: insert into address_tab (city,country,landmark,pin_code,state,street,address_id) values (?,?,?,?,?,?,?)
Hibernate: select a1_0.address_id,a1_0.city,a1_0.country,a1_0.landmark,a1_0.pin_code,a1_0.state,a1_0.street from address_tab a1_0 where a1_0.address_id=?
Hibernate: select a1_0.address_id,a1_0.city,a1_0.country,a1_0.landmark,a1_0.pin_code,a1_0.state,a1_0.street from address_tab a1_0 where a1_0.address_id=?
Hibernate: insert into address_tab (city,country,landmark,pin_code,state,street,address_id) values (?,?,?,?,?,?,?)
Hibernate: select a1_0.address_id,a1_0.city,a1_0.country,a1_0.landmark,a1_0.pin_code,a1_0.state,a1_0.street from address_tab a1_0 where a1_0.address_id=?
Hibernate: select a1_0.address_id,a1_0.city,a1_0.country,a1_0.landmark,a1_0.pin_code,a1_0.state,a1_0.street from address_tab a1_0
Hibernate: insert into address_tab (city,country,landmark,pin_code,state,street,address_id) values (?,?,?,?,?,?,?)
Hibernate: select a1_0.address_id,a1_0.city,a1_0.country,a1_0.landmark,a1_0.pin_code,a1_0.state,a1_0.street from address_tab a1_0
Hibernate: select a1_0.address_id,a1_0.city,a1_0.country,a1_0.landmark,a1_0.pin_code,a1_0.state,a1_0.street from address_tab a1_0 where a1_0.address_id=?
Hibernate: select count(*) from address_tab a1_0
Hibernate: insert into address_tab (city,country,landmark,pin_code,state,street,address_id) values (?,?,?,?,?,?,?)
Hibernate: select count(*) from address_tab a1_0
Hibernate: insert into address_tab (city,country,landmark,pin_code,state,street,address_id) values (?,?,?,?,?,?,?)
Hibernate: select count(*) from address_tab a1_0
Hibernate: select a1_0.address_id,a1_0.city,a1_0.country,a1_0.landmark,a1_0.pin_code,a1_0.state,a1_0.street from address_tab a1_0
Hibernate: delete from address_tab where address_id=?
Hibernate: delete from address_tab where address_id=?
Hibernate: select count(*) from address_tab a1_0
Hibernate: insert into address_tab (city,country,landmark,pin_code,state,street,address_id) values (?,?,?,?,?,?,?)
Hibernate: insert into address_tab (city,country,landmark,pin_code,state,street,address_id) values (?,?,?,?,?,?,?)
Hibernate: select a1_0.address_id,a1_0.city,a1_0.country,a1_0.landmark,a1_0.pin_code,a1_0.state,a1_0.street from address_tab a1_0
Hibernate: insert into address_tab (city,country,landmark,pin_code,state,street,address_id) values (?,?,?,?,?,?,?)
Hibernate: select a1_0.address_id,a1_0.city,a1_0.country,a1_0.landmark,a1_0.pin_code,a1_0.state,a1_0.street from address_tab a1_0 where a1_0.address_id=?
Hibernate: select a1_0.address_id,a1_0.city,a1_0.country,a1_0.landmark,a1_0.pin_code,a1_0.state,a1_0.street from address_tab a1_0 where a1_0.address_id=?
Hibernate: insert into address_tab (city,country,landmark,pin_code,state,street,address_id) values (?,?,?,?,?,?,?)
Hibernate: insert into address_tab (city,country,landmark,pin_code,state,street,address_id) values (?,?,?,?,?,?,?)
Hibernate: insert into address_tab (city,country,landmark,pin_code,state,street,address_id) values (?,?,?,?,?,?,?)
Hibernate: select a1_0.address_id,a1_0.city,a1_0.country,a1_0.landmark,a1_0.pin_code,a1_0.state,a1_0.street from address_tab a1_0 where a1_0.address_id=?
Hibernate: select a1_0.address_id,a1_0.city,a1_0.country,a1_0.landmark,a1_0.pin_code,a1_0.state,a1_0.street from address_tab a1_0 where a1_0.address_id=?
Hibernate: select count(*) from address_tab a1_0
Hibernate: insert into address_tab (city,country,landmark,pin_code,state,street,address_id) values (?,?,?,?,?,?,?)
Hibernate: select a1_0.address_id,a1_0.city,a1_0.country,a1_0.landmark,a1_0.pin_code,a1_0.state,a1_0.street from address_tab a1_0 where a1_0.address_id=?
Hibernate: select a1_0.address_id,a1_0.city,a1_0.country,a1_0.landmark,a1_0.pin_code,a1_0.state,a1_0.street from address_tab a1_0 where a1_0.address_id=?
Hibernate: insert into address_tab (city,country,landmark,pin_code,state,street,address_id) values (?,?,?,?,?,?,?)
Hibernate: insert into address_tab (city,country,landmark,pin_code,state,street,address_id) values (?,?,?,?,?,?,?)
Hibernate: insert into address_tab (city,country,landmark,pin_code,state,street,address_id) values (?,?,?,?,?,?,?)
Hibernate: select a1_0.address_id,a1_0.city,a1_0.country,a1_0.landmark,a1_0.pin_code,a1_0.state,a1_0.street from address_tab a1_0
Hibernate: insert into address_tab (city,country,landmark,pin_code,state,street,address_id) values (?,?,?,?,?,?,?)
Hibernate: insert into address_tab (city,country,landmark,pin_code,state,street,address_id) values (?,?,?,?,?,?,?)
Hibernate: insert into address_tab (city,country,landmark,pin_code,state,street,address_id) values (?,?,?,?,?,?,?)
Hibernate: select a1_0.address_id,a1_0.city,a1_0.country,a1_0.landmark,a1_0.pin_code,a1_0.state,a1_0.street from address_tab a1_0 where a1_0.address_id=?
Hibernate: select count(*) from address_tab a1_0 where a1_0.address_id=?
Hibernate: insert into address_tab (city,country,landmark,pin_code,state,street,address_id) values (?,?,?,?,?,?,?)
Hibernate: select a1_0.address_id,a1_0.city,a1_0.country,a1_0.landmark,a1_0.pin_code,a1_0.state,a1_0.street from address_tab a1_0 where a1_0.address_id=?
Hibernate: select a1_0.address_id,a1_0.city,a1_0.country,a1_0.landmark,a1_0.pin_code,a1_0.state,a1_0.street from address_tab a1_0
Hibernate: select count(*) from address_tab a1_0
Hibernate: insert into address_tab (city,country,landmark,pin_code,state,street,address_id) values (?,?,?,?,?,?,?)
Hibernate: select a1_0.address_id,a1_0.city,a1_0.country,a1_0.landmark,a1_0.pin_code,a1_0.state,a1_0.street from address_tab a1_0 where a1_0.address_id=?
Hibernate: select a1_0.address_id,a1_0.city,a1_0.country,a1_0.landmark,a1_0.pin_code,a1_0.state,a1_0.street from address_tab a1_0 where a1_0.address_id=?
Hibernate: insert into address_tab (city,country,landmark,pin_code,state,street,address_id) values (?,?,?,?,?,?,?)
Hibernate: select a1_0.address_id,a1_0.city,a1_0.country,a1_0.landmark,a1_0.pin_code,a1_0.state,a1_0.street from address_tab a1_0 where a1_0.address_id=?
Hibernate: insert into address_tab (city,country,landmark,pin_code,state,street,address_id) values (?,?,?,?,?,?,?)
Hibernate: insert into address_tab (city,country,landmark,pin_code,state,street,address_id) values (?,?,?,?,?,?,?)
Hibernate: select a1_0.address_id,a1_0.city,a1_0.country,a1_0.landmark,a1_0.pin_code,a1_0.state,a1_0.street from address_tab a1_0
Hibernate: select count(*) from address_tab a1_0
Hibernate: insert into address_tab (city,country,landmark,pin_code,state,street,address_id) values (?,?,?,?,?,?,?)
Hibernate: select a1_0.address_id,a1_0.city,a1_0.country,a1_0.landmark,a1_0.pin_code,a1_0.state,a1_0.street from address_tab a1_0 where a1_0.address_id=?
Hibernate: select a1_0.address_id,a1_0.city,a1_0.country,a1_0.landmark,a1_0.pin_code,a1_0.state,a1_0.street from address_tab a1_0 where a1_0.address_id=?
Hibernate: insert into address_tab (city,country,landmark,pin_code,state,street,address_id) values (?,?,?,?,?,?,?)
Hibernate: select a1_0.address_id,a1_0.city,a1_0.country,a1_0.landmark,a1_0.pin_code,a1_0.state,a1_0.street from address_tab a1_0 where a1_0.address_id=?
Hibernate: insert into address_tab (city,country,landmark,pin_code,state,street,address_id) values (?,?,?,?,?,?,?)
Hibernate: select a1_0.address_id,a1_0.city,a1_0.country,a1_0.landmark,a1_0.pin_code,a1_0.state,a1_0.street from address_tab a1_0 where a1_0.address_id=?
Hibernate: select a1_0.address_id,a1_0.city,a1_0.country,a1_0.landmark,a1_0.pin_code,a1_0.state,a1_0.street from address_tab a1_0 where a1_0.address_id=?
Hibernate: select a1_0.address_id,a1_0.city,a1_0.country,a1_0.landmark,a1_0.pin_code,a1_0.state,a1_0.street from address_tab a1_0 where a1_0.address_id=?
Hibernate: insert into address_tab (city,country,landmark,pin_code,state,street,address_id) values (?,?,?,?,?,?,?)
Hibernate: insert into address_tab (city,country,landmark,pin_code,state,street,address_id) values (?,?,?,?,?,?,?)
Hibernate: insert into address_tab (city,country,landmark,pin_code,state,street,address_id) values (?,?,?,?,?,?,?)
Hibernate: select a1_0.address_id,a1_0.city,a1_0.country,a1_0.landmark,a1_0.pin_code,a1_0.state,a1_0.street from address_tab a1_0 where a1_0.address_id=?
Hibernate: select a1_0.address_id,a1_0.city,a1_0.country,a1_0.landmark,a1_0.pin_code,a1_0.state,a1_0.street from address_tab a1_0 where a1_0.address_id=?
Hibernate: select a1_0.address_id,a1_0.city,a1_0.country,a1_0.landmark,a1_0.pin_code,a1_0.state,a1_0.street from address_tab a1_0
Hibernate: insert into address_tab (city,country,landmark,pin_code,state,street,address_id) values (?,?,?,?,?,?,?)
Hibernate: select a1_0.address_id,a1_0.city,a1_0.country,a1_0.landmark,a1_0.pin_code,a1_0.state,a1_0.street from address_tab a1_0 where a1_0.address_id=?
Hibernate: select a1_0.address_id,a1_0.city,a1_0.country,a1_0.landmark,a1_0.pin_code,a1_0.state,a1_0.street from address_tab a1_0 where a1_0.address_id=?
Hibernate: insert into address_tab (city,country,landmark,pin_code,state,street,address_id) values (?,?,?,?,?,?,?)
Hibernate: select count(*) from address_tab a1_0
Hibernate: insert into address_tab (city,country,landmark,pin_code,state,street,address_id) values (?,?,?,?,?,?,?)
Hibernate: insert into address_tab (city,country,landmark,pin_code,state,street,address_id) values (?,?,?,?,?,?,?)
Hibernate: insert into address_tab (city,country,landmark,pin_code,state,street,address_id) values (?,?,?,?,?,?,?)
Hibernate: select a1_0.address_id,a1_0.city,a1_0.country,a1_0.landmark,a1_0.pin_code,a1_0.state,a1_0.street from address_tab a1_0
Hibernate: insert into address_tab (city,country,landmark,pin_code,state,street,address_id) values (?,?,?,?,?,?,?)
Hibernate: select count(*) from address_tab a1_0 where a1_0.address_id=?
Hibernate: select a1_0.address_id,a1_0.city,a1_0.country,a1_0.landmark,a1_0.pin_code,a1_0.state,a1_0.street from address_tab a1_0 where a1_0.address_id=?
Hibernate: select count(*) from address_tab a1_0 where a1_0.address_id=?
Hibernate: select a1_0.address_id,a1_0.city,a1_0.country,a1_0.landmark,a1_0.pin_code,a1_0.state,a1_0.street from address_tab a1_0 where a1_0.address_id=?
Hibernate: insert into address_tab (city,country,landmark,pin_code,state,street,address_id) values (?,?,?,?,?,?,?)
Hibernate: select count(*) from address_tab a1_0 where a1_0.address_id=?
Hibernate: select next value for address_tab_seq
Hibernate: insert into address_tab (city,country,landmark,pin_code,state,street,address_id) values (?,?,?,?,?,?,?)
Hibernate: insert into address_tab (city,country,landmark,pin_code,state,street,address_id) values (?,?,?,?,?,?,?)
Hibernate: select count(*) from address_tab a1_0
Hibernate: insert into address_tab (city,country,landmark,pin_code,state,street,address_id) values (?,?,?,?,?,?,?)
Hibernate: insert into address_tab (city,country,landmark,pin_code,state,street,address_id) values (?,?,?,?,?,?,?)
Hibernate: select a1_0.address_id,a1_0.city,a1_0.country,a1_0.landmark,a1_0.pin_code,a1_0.state,a1_0.street from address_tab a1_0 where a1_0.address_id=?
Hibernate: select a1_0.address_id,a1_0.city,a1_0.country,a1_0.landmark,a1_0.pin_code,a1_0.state,a1_0.street from address_tab a1_0 where a1_0.address_id=?
Hibernate: select a1_0.address_id,a1_0.city,a1_0.country,a1_0.landmark,a1_0.pin_code,a1_0.state,a1_0.street from address_tab a1_0 where a1_0.address_id=?
Hibernate: insert into address_tab (city,country,landmark,pin_code,state,street,address_id) values (?,?,?,?,?,?,?)
Hibernate: insert into address_tab (city,country,landmark,pin_code,state,street,address_id) values (?,?,?,?,?,?,?)
Hibernate: select a1_0.address_id,a1_0.city,a1_0.country,a1_0.landmark,a1_0.pin_code,a1_0.state,a1_0.street from address_tab a1_0 where a1_0.address_id=?
Hibernate: select a1_0.address_id,a1_0.city,a1_0.country,a1_0.landmark,a1_0.pin_code,a1_0.state,a1_0.street from address_tab a1_0 where a1_0.address_id=?
Hibernate: select a1_0.address_id,a1_0.city,a1_0.country,a1_0.landmark,a1_0.pin_code,a1_0.state,a1_0.street from address_tab a1_0 where a1_0.address_id=?
Hibernate: insert into address_tab (city,country,landmark,pin_code,state,street,address_id) values (?,?,?,?,?,?,?)
Hibernate: select a1_0.address_id,a1_0.city,a1_0.country,a1_0.landmark,a1_0.pin_code,a1_0.state,a1_0.street from address_tab a1_0 where a1_0.address_id=?
Hibernate: select a1_0.address_id,a1_0.city,a1_0.country,a1_0.landmark,a1_0.pin_code,a1_0.state,a1_0.street from address_tab a1_0 where a1_0.address_id=?
Hibernate: insert into address_tab (city,country,landmark,pin_code,state,street,address_id) values (?,?,?,?,?,?,?)
Hibernate: insert into address_tab (city,country,landmark,pin_code,state,street,address_id) values (?,?,?,?,?,?,?)
Hibernate: insert into address_tab (city,country,landmark,pin_code,state,street,address_id) values (?,?,?,?,?,?,?)
Hibernate: select a1_0.address_id,a1_0.city,a1_0.country,a1_0.landmark,a1_0.pin_code,a1_0.state,a1_0.street from address_tab a1_0
Hibernate: insert into address_tab (city,country,landmark,pin_code,state,street,address_id) values (?,?,?,?,?,?,?)
Hibernate: insert into address_tab (city,country,landmark,pin_code,state,street,address_id) values (?,?,?,?,?,?,?)
Hibernate: insert into address_tab (city,country,landmark,pin_code,state,street,address_id) values (?,?,?,?,?,?,?)
Hibernate: select a1_0.address_id,a1_0.city,a1_0.country,a1_0.landmark,a1_0.pin_code,a1_0.state,a1_0.street from address_tab a1_0
Hibernate: insert into address_tab (city,country,landmark,pin_code,state,street,address_id) values (?,?,?,?,?,?,?)
Hibernate: select a1_0.address_id,a1_0.city,a1_0.country,a1_0.landmark,a1_0.pin_code,a1_0.state,a1_0.street from address_tab a1_0 where a1_0.address_id=?
Hibernate: select a1_0.address_id,a1_0.city,a1_0.country,a1_0.landmark,a1_0.pin_code,a1_0.state,a1_0.street from address_tab a1_0 where a1_0.address_id=?
Hibernate: insert into address_tab (city,country,landmark,pin_code,state,street,address_id) values (?,?,?,?,?,?,?)
Hibernate: select a1_0.address_id,a1_0.city,a1_0.country,a1_0.landmark,a1_0.pin_code,a1_0.state,a1_0.street from address_tab a1_0 where a1_0.address_id=?
]]></system-out>
  <system-err><![CDATA[]]></system-err>
</testsuite>
